<?xml version="1.0" encoding="UTF-8"?>
<testng-results ignored="0" total="1" passed="1" failed="0" skipped="0">
  <reporter-output>
  </reporter-output>
  <suite started-at="2023-07-27T11:36:25 IST" name="Default suite" finished-at="2023-07-27T11:37:25 IST" duration-ms="60041">
    <groups>
    </groups>
    <test started-at="2023-07-27T11:36:25 IST" name="Default test" finished-at="2023-07-27T11:37:25 IST" duration-ms="60041">
      <class name="testScript.TC_02Test">
        <test-method is-config="true" signature="launchingBrowser()[pri:0, instance:testScript.TC_02Test@662b4c69]" started-at="2023-07-27T11:36:25 IST" name="launchingBrowser" finished-at="2023-07-27T11:36:28 IST" duration-ms="2557" status="PASS">
          <reporter-output>
          </reporter-output>
        </test-method> <!-- launchingBrowser -->
        <test-method is-config="true" signature="navigatingToApplication()[pri:0, instance:testScript.TC_02Test@662b4c69]" started-at="2023-07-27T11:36:28 IST" name="navigatingToApplication" finished-at="2023-07-27T11:37:21 IST" duration-ms="52868" status="PASS">
          <reporter-output>
          </reporter-output>
        </test-method> <!-- navigatingToApplication -->
        <test-method signature="RegisterCredential()[pri:0, instance:testScript.TC_02Test@662b4c69]" started-at="2023-07-27T11:37:21 IST" name="RegisterCredential" finished-at="2023-07-27T11:37:22 IST" duration-ms="1333" status="PASS">
          <reporter-output>
          </reporter-output>
        </test-method> <!-- RegisterCredential -->
        <test-method is-config="true" signature="teardownbrowser()[pri:0, instance:testScript.TC_02Test@662b4c69]" started-at="2023-07-27T11:37:22 IST" name="teardownbrowser" finished-at="2023-07-27T11:37:25 IST" duration-ms="3229" status="PASS">
          <reporter-output>
          </reporter-output>
        </test-method> <!-- teardownbrowser -->
      </class> <!-- testScript.TC_02Test -->
    </test> <!-- Default test -->
  </suite> <!-- Default suite -->
</testng-results>
